This is pdfTeX, Version 3.14159265-2.6-1.40.18 (TeX Live 2017) (preloaded format=pdflatex 2017.5.23)  7 MAY 2018 23:31
entering extended mode
 restricted \write18 enabled.
 %&-line parsing enabled.
**guarino-AdversarialNeuralCryptography.tex
(./guarino-AdversarialNeuralCryptography.tex
LaTeX2e <2017-04-15>
Babel <3.10> and hyphenation patterns for 84 language(s) loaded.
(/usr/local/texlive/2017/texmf-dist/tex/latex/base/article.cls
Document Class: article 2014/09/29 v1.4h Standard LaTeX document class
(/usr/local/texlive/2017/texmf-dist/tex/latex/base/size12.clo
File: size12.clo 2014/09/29 v1.4h Standard LaTeX file (size option)
)
\c@part=\count79
\c@section=\count80
\c@subsection=\count81
\c@subsubsection=\count82
\c@paragraph=\count83
\c@subparagraph=\count84
\c@figure=\count85
\c@table=\count86
\abovecaptionskip=\skip41
\belowcaptionskip=\skip42
\bibindent=\dimen102
)
(/usr/local/texlive/2017/texmf-dist/tex/latex/graphics/graphicx.sty
Package: graphicx 2014/10/28 v1.0g Enhanced LaTeX Graphics (DPC,SPQR)

(/usr/local/texlive/2017/texmf-dist/tex/latex/graphics/keyval.sty
Package: keyval 2014/10/28 v1.15 key=value parser (DPC)
\KV@toks@=\toks14
)
(/usr/local/texlive/2017/texmf-dist/tex/latex/graphics/graphics.sty
Package: graphics 2017/04/14 v1.1b Standard LaTeX Graphics (DPC,SPQR)

(/usr/local/texlive/2017/texmf-dist/tex/latex/graphics/trig.sty
Package: trig 2016/01/03 v1.10 sin cos tan (DPC)
)
(/usr/local/texlive/2017/texmf-dist/tex/latex/graphics-cfg/graphics.cfg
File: graphics.cfg 2016/06/04 v1.11 sample graphics configuration
)
Package graphics Info: Driver file: pdftex.def on input line 99.

(/usr/local/texlive/2017/texmf-dist/tex/latex/graphics-def/pdftex.def
File: pdftex.def 2017/01/12 v0.06k Graphics/color for pdfTeX

(/usr/local/texlive/2017/texmf-dist/tex/generic/oberdiek/infwarerr.sty
Package: infwarerr 2016/05/16 v1.4 Providing info/warning/error messages (HO)
)
(/usr/local/texlive/2017/texmf-dist/tex/generic/oberdiek/ltxcmds.sty
Package: ltxcmds 2016/05/16 v1.23 LaTeX kernel commands for general use (HO)
)
\Gread@gobject=\count87
))
\Gin@req@height=\dimen103
\Gin@req@width=\dimen104
)
(./guarino-AdversarialNeuralCryptography.aux)
\openout1 = `guarino-AdversarialNeuralCryptography.aux'.

LaTeX Font Info:    Checking defaults for OML/cmm/m/it on input line 4.
LaTeX Font Info:    ... okay on input line 4.
LaTeX Font Info:    Checking defaults for T1/cmr/m/n on input line 4.
LaTeX Font Info:    ... okay on input line 4.
LaTeX Font Info:    Checking defaults for OT1/cmr/m/n on input line 4.
LaTeX Font Info:    ... okay on input line 4.
LaTeX Font Info:    Checking defaults for OMS/cmsy/m/n on input line 4.
LaTeX Font Info:    ... okay on input line 4.
LaTeX Font Info:    Checking defaults for OMX/cmex/m/n on input line 4.
LaTeX Font Info:    ... okay on input line 4.
LaTeX Font Info:    Checking defaults for U/cmr/m/n on input line 4.
LaTeX Font Info:    ... okay on input line 4.

(/usr/local/texlive/2017/texmf-dist/tex/context/base/mkii/supp-pdf.mkii
[Loading MPS to PDF converter (version 2006.09.02).]
\scratchcounter=\count88
\scratchdimen=\dimen105
\scratchbox=\box26
\nofMPsegments=\count89
\nofMParguments=\count90
\everyMPshowfont=\toks15
\MPscratchCnt=\count91
\MPscratchDim=\dimen106
\MPnumerator=\count92
\makeMPintoPDFobject=\count93
\everyMPtoPDFconversion=\toks16
) (/usr/local/texlive/2017/texmf-dist/tex/generic/oberdiek/pdftexcmds.sty
Package: pdftexcmds 2017/03/19 v0.25 Utility functions of pdfTeX for LuaTeX (HO
)

(/usr/local/texlive/2017/texmf-dist/tex/generic/oberdiek/ifluatex.sty
Package: ifluatex 2016/05/16 v1.4 Provides the ifluatex switch (HO)
Package ifluatex Info: LuaTeX not detected.
)
(/usr/local/texlive/2017/texmf-dist/tex/generic/oberdiek/ifpdf.sty
Package: ifpdf 2017/03/15 v3.2 Provides the ifpdf switch
)
Package pdftexcmds Info: LuaTeX not detected.
Package pdftexcmds Info: \pdf@primitive is available.
Package pdftexcmds Info: \pdf@ifprimitive is available.
Package pdftexcmds Info: \pdfdraftmode found.
)
(/usr/local/texlive/2017/texmf-dist/tex/latex/oberdiek/epstopdf-base.sty
Package: epstopdf-base 2016/05/15 v2.6 Base part for package epstopdf

(/usr/local/texlive/2017/texmf-dist/tex/latex/oberdiek/grfext.sty
Package: grfext 2016/05/16 v1.2 Manage graphics extensions (HO)

(/usr/local/texlive/2017/texmf-dist/tex/generic/oberdiek/kvdefinekeys.sty
Package: kvdefinekeys 2016/05/16 v1.4 Define keys (HO)
))
(/usr/local/texlive/2017/texmf-dist/tex/latex/oberdiek/kvoptions.sty
Package: kvoptions 2016/05/16 v3.12 Key value format for package options (HO)

(/usr/local/texlive/2017/texmf-dist/tex/generic/oberdiek/kvsetkeys.sty
Package: kvsetkeys 2016/05/16 v1.17 Key value parser (HO)

(/usr/local/texlive/2017/texmf-dist/tex/generic/oberdiek/etexcmds.sty
Package: etexcmds 2016/05/16 v1.6 Avoid name clashes with e-TeX commands (HO)
Package etexcmds Info: Could not find \expanded.
(etexcmds)             That can mean that you are not using pdfTeX 1.50 or
(etexcmds)             that some package has redefined \expanded.
(etexcmds)             In the latter case, load this package earlier.
)))
Package epstopdf-base Info: Redefining graphics rule for `.eps' on input line 4
38.
Package grfext Info: Graphics extension search list:
(grfext)             [.png,.pdf,.jpg,.mps,.jpeg,.jbig2,.jb2,.PNG,.PDF,.JPG,.JPE
G,.JBIG2,.JB2,.eps]
(grfext)             \AppendGraphicsExtensions on input line 456.

(/usr/local/texlive/2017/texmf-dist/tex/latex/latexconfig/epstopdf-sys.cfg
File: epstopdf-sys.cfg 2010/07/13 v1.3 Configuration of (r)epstopdf for TeX Liv
e
))
LaTeX Font Info:    External font `cmex10' loaded for size
(Font)              <14.4> on input line 9.
LaTeX Font Info:    External font `cmex10' loaded for size
(Font)              <7> on input line 9.

[1

{/usr/local/texlive/2017/texmf-var/fonts/map/pdftex/updmap/pdftex.map}]
[2]
<../assets/AliceBobEveSymmetricCryptosystemProblem.png, id=14, 659.5842pt x 220
.1826pt>
File: ../assets/AliceBobEveSymmetricCryptosystemProblem.png Graphic file (type 
png)
 <use ../assets/AliceBobEveSymmetricCryptosystemProblem.png>
Package pdftex.def Info: ../assets/AliceBobEveSymmetricCryptosystemProblem.png 
used on input line 33.
(pdftex.def)             Requested size: 455.24408pt x 151.97318pt.

Overfull \hbox (65.24408pt too wide) in paragraph at lines 33--34
[][] 
 []

LaTeX Font Info:    External font `cmex10' loaded for size
(Font)              <12> on input line 37.
LaTeX Font Info:    External font `cmex10' loaded for size
(Font)              <8> on input line 37.
LaTeX Font Info:    External font `cmex10' loaded for size
(Font)              <6> on input line 37.
[3 <../assets/AliceBobEveSymmetricCryptosystemProblem.png>]
<../assets/OverviewOfCryptosystem.png, id=20, 1044.90375pt x 395.4775pt>
File: ../assets/OverviewOfCryptosystem.png Graphic file (type png)

<use ../assets/OverviewOfCryptosystem.png>
Package pdftex.def Info: ../assets/OverviewOfCryptosystem.png used on input lin
e 40.
(pdftex.def)             Requested size: 455.24408pt x 172.30287pt.

Overfull \hbox (65.24408pt too wide) in paragraph at lines 40--41
[][] 
 []

Missing character: There is no ‚ in font cmr12!
Missing character: There is no Ä in font cmr12!
Missing character: There is no ô in font cmr12!
Missing character: There is no ‚ in font cmr12!
Missing character: There is no Ä in font cmr12!
Missing character: There is no ô in font cmr12!
Missing character: There is no ‚ in font cmr12!
Missing character: There is no Ä in font cmr12!
Missing character: There is no ô in font cmr12!
LaTeX Font Info:    Try loading font information for OMS+cmr on input line 49.
(/usr/local/texlive/2017/texmf-dist/tex/latex/base/omscmr.fd
File: omscmr.fd 2014/09/29 v2.5h Standard LaTeX font definitions
)
LaTeX Font Info:    Font shape `OMS/cmr/m/n' in size <12> not available
(Font)              Font shape `OMS/cmsy/m/n' tried instead on input line 49.
 [4 <../assets/OverviewOfCryptosystem.png>]
Overfull \hbox (33.37567pt too wide) in paragraph at lines 53--54
[]\OT1/cmr/m/n/12 Bob Re-con-struc-tion Er-ror: $\OML/cmm/m/it/12 L[]\OT1/cmr/m
/n/12 (^^B[]\OML/cmm/m/it/12 ; \OT1/cmr/m/n/12 ^^B[]\OML/cmm/m/it/12 ; P; K\OT1
/cmr/m/n/12 ) = \OML/cmm/m/it/12 d\OT1/cmr/m/n/12 (\OML/cmm/m/it/12 P; B\OT1/cm
r/m/n/12 (^^B[]\OML/cmm/m/it/12 ; A\OT1/cmr/m/n/12 (^^B[]\OML/cmm/m/it/12 ; P; 
K\OT1/cmr/m/n/12 )\OML/cmm/m/it/12 ; K\OT1/cmr/m/n/12 ))$ 
 []


Overfull \hbox (15.10779pt too wide) in paragraph at lines 54--55
[]\OT1/cmr/m/n/12 Eve Re-con-struc-tion Er-ror: $\OML/cmm/m/it/12 L[]\OT1/cmr/m
/n/12 (^^B[]\OML/cmm/m/it/12 ; \OT1/cmr/m/n/12 ^^B[]\OML/cmm/m/it/12 ; P; K\OT1
/cmr/m/n/12 ) = \OML/cmm/m/it/12 d\OT1/cmr/m/n/12 (\OML/cmm/m/it/12 P; E\OT1/cm
r/m/n/12 (^^B[]\OML/cmm/m/it/12 ; A\OT1/cmr/m/n/12 (^^B[]\OML/cmm/m/it/12 ; P; 
K\OT1/cmr/m/n/12 )))$ 
 []

Missing character: There is no ‚ in font cmr12!
Missing character: There is no Ä in font cmr12!
Missing character: There is no ô in font cmr12!

Overfull \hbox (35.88622pt too wide) in paragraph at lines 55--56
[]\OT1/cmr/m/n/12 Loss for Al-ice and Bob: $\OML/cmm/m/it/12 L[]\OT1/cmr/m/n/12
 (^^B[]\OML/cmm/m/it/12 ; \OT1/cmr/m/n/12 ^^B[]) = \OML/cmm/m/it/12 L[]\OT1/cmr
/m/n/12 (^^B[]\OML/cmm/m/it/12 ; \OT1/cmr/m/n/12 ^^B[]\OML/cmm/m/it/12 ; P; K\O
T1/cmr/m/n/12 ) \OMS/cmsy/m/n/12 ^^@ \OML/cmm/m/it/12 L[]\OT1/cmr/m/n/12 (^^B[]
\OML/cmm/m/it/12 ; \OT1/cmr/m/n/12 ^^B[]\OML/cmm/m/it/12 ; P; K\OT1/cmr/m/n/12 
)$
 []

[5]
<../assets/EvolutionOfBobAndEveReconstructionErrors.png, id=33, 874.01532pt x 4
53.19313pt>
File: ../assets/EvolutionOfBobAndEveReconstructionErrors.png Graphic file (type
 png)
 <use ../assets/EvolutionOfBobAndEveReconstructionErrors.png>
Package pdftex.def Info: ../assets/EvolutionOfBobAndEveReconstructionErrors.png
 used on input line 69.
(pdftex.def)             Requested size: 455.24408pt x 236.05594pt.

Overfull \hbox (65.24408pt too wide) in paragraph at lines 69--70
[][] 
 []

<../assets/AliceBobTotalError.png, id=34, 871.00406pt x 450.18187pt>
File: ../assets/AliceBobTotalError.png Graphic file (type png)

<use ../assets/AliceBobTotalError.png>
Package pdftex.def Info: ../assets/AliceBobTotalError.png used on input line 77
.
(pdftex.def)             Requested size: 455.24408pt x 235.29115pt.

Overfull \hbox (65.24408pt too wide) in paragraph at lines 77--78
[][] 
 []


LaTeX Warning: `h' float specifier changed to `ht'.

[6 <../assets/EvolutionOfBobAndEveReconstructionErrors.png>]
Underfull \hbox (badness 10000) in paragraph at lines 89--92

 []

[7 <../assets/AliceBobTotalError.png>]
Overfull \hbox (29.70631pt too wide) in paragraph at lines 93--95
[]\OT1/cmr/m/n/12 [2] Good-fel-low, Ian, et al., "Gen-er-a-tive Ad-ver-sar-ial 
Net-works". arxiv:1406.2661,
 []


Underfull \hbox (badness 10000) in paragraph at lines 93--95

 []

Missing character: There is no ‚ in font cmr12!
Missing character: There is no Ä in font cmr12!
Missing character: There is no ú in font cmr12!
Missing character: There is no ‚ in font cmr12!
Missing character: There is no Ä in font cmr12!
Missing character: There is no ù in font cmr12!
Missing character: There is no ‚ in font cmr12!
Missing character: There is no Ä in font cmr12!
Missing character: There is no ì in font cmr12!

Underfull \hbox (badness 10000) in paragraph at lines 96--99

 []

Missing character: There is no ‚ in font cmr12!
Missing character: There is no Ä in font cmr12!
Missing character: There is no ú in font cmr12!
Missing character: There is no ‚ in font cmr12!
Missing character: There is no Ä in font cmr12!
Missing character: There is no ù in font cmr12!
Missing character: There is no ‚ in font cmr12!
Missing character: There is no Ä in font cmr12!
Missing character: There is no ì in font cmr12!

Underfull \hbox (badness 10000) in paragraph at lines 100--104

 []

Missing character: There is no ‚ in font cmr12!
Missing character: There is no Ä in font cmr12!
Missing character: There is no ú in font cmr12!
Missing character: There is no ‚ in font cmr12!
Missing character: There is no Ä in font cmr12!
Missing character: There is no ù in font cmr12!

Underfull \hbox (badness 10000) in paragraph at lines 105--109

 []

Missing character: There is no ‚ in font cmr12!
Missing character: There is no Ä in font cmr12!
Missing character: There is no ú in font cmr12!
Missing character: There is no ‚ in font cmr12!
Missing character: There is no Ä in font cmr12!
Missing character: There is no ù in font cmr12!

Underfull \hbox (badness 10000) in paragraph at lines 110--115

 []


Overfull \hbox (118.91104pt too wide) in paragraph at lines 116--118
[]\OT1/cmr/m/n/12 [7] Google Brain, NIPS 2017: Non-targeted Ad-ver-sar-ial At-t
ack. https://www.kaggle.com/c/nips-
 []


Underfull \hbox (badness 10000) in paragraph at lines 116--118

 []


Underfull \hbox (badness 10000) in paragraph at lines 119--121

 []

Missing character: There is no ‚ in font cmr12!
Missing character: There is no Ä in font cmr12!
Missing character: There is no ì in font cmr12!

Underfull \hbox (badness 10000) in paragraph at lines 122--124

 []

[8] (./guarino-AdversarialNeuralCryptography.aux) ) 
Here is how much of TeX's memory you used:
 1534 strings out of 492995
 23099 string characters out of 6132704
 83197 words of memory out of 5000000
 5088 multiletter control sequences out of 15000+600000
 8802 words of font info for 31 fonts, out of 8000000 for 9000
 1141 hyphenation exceptions out of 8191
 39i,6n,25p,1271b,214s stack positions out of 5000i,500n,10000p,200000b,80000s
</usr/local/texlive/2017/tex
mf-dist/fonts/type1/public/amsfonts/cm/cmbx10.pfb></usr/local/texlive/2017/texm
f-dist/fonts/type1/public/amsfonts/cm/cmbx12.pfb></usr/local/texlive/2017/texmf
-dist/fonts/type1/public/amsfonts/cm/cmex10.pfb></usr/local/texlive/2017/texmf-
dist/fonts/type1/public/amsfonts/cm/cmmi12.pfb></usr/local/texlive/2017/texmf-d
ist/fonts/type1/public/amsfonts/cm/cmmi8.pfb></usr/local/texlive/2017/texmf-dis
t/fonts/type1/public/amsfonts/cm/cmr10.pfb></usr/local/texlive/2017/texmf-dist/
fonts/type1/public/amsfonts/cm/cmr12.pfb></usr/local/texlive/2017/texmf-dist/fo
nts/type1/public/amsfonts/cm/cmr17.pfb></usr/local/texlive/2017/texmf-dist/font
s/type1/public/amsfonts/cm/cmr8.pfb></usr/local/texlive/2017/texmf-dist/fonts/t
ype1/public/amsfonts/cm/cmsy10.pfb>
Output written on guarino-AdversarialNeuralCryptography.pdf (8 pages, 299086 by
tes).
PDF statistics:
 80 PDF objects out of 1000 (max. 8388607)
 51 compressed objects within 1 object stream
 0 named destinations out of 1000 (max. 500000)
 21 words of extra memory for PDF output out of 10000 (max. 10000000)

